<?xml version="1.0" encoding="UTF-8"?>
<!-- Generated by org.testng.reporters.JUnitXMLReporter -->
<testsuite ignored="0" hostname="DESKTOP-UN9U5PK" failures="0" tests="10" name="Test" time="83.904" errors="0" timestamp="2023-05-07T03:31:47 CEST">
  <testcase classname="testingAssignment.checkComplexNum$ComplexCalculationTest" name="verifyComplexCalculation" time="1.273"/>
  <testcase classname="testingAssignment.buttonsExist" name="testButtonFunctionality" time="6.595"/>
  <testcase classname="testingAssignment.handleNegNumbers" name="testCalculatorWithNegativeNumbers" time="9.392"/>
  <testcase classname="testingAssignment.arithmaticOperations" name="testBasicArithmeticOperations" time="4.811"/>
  <testcase classname="testingAssignment.handleLongEqua" name="testLongEquation" time="5.009"/>
  <testcase classname="testingAssignment.handleLargerNum" name="testLargeNumbers" time="8.736"/>
  <testcase classname="testingAssignment.handleDecimalNum" name="testDecimalNumberCalculation" time="9.853"/>
  <testcase classname="testingAssignment.logIn" name="verifyCalculatorIsDisplayed" time="10.644"/>
  <testcase classname="testingAssignment.historyFunction" name="testHistoryFeature" time="7.596"/>
  <testcase classname="testingAssignment.advanceOperations" name="testSquareRoot" time="7.069"/>
</testsuite> <!-- Test -->
